<?xml version="1.0" encoding="UTF-8"?>
<!-- Generated by org.testng.reporters.JUnitReportReporter -->
<testsuite hostname="DESKTOP-BQNI2NH" name="handlingscrolbar.facebook" tests="1" failures="0" timestamp="6 Feb 2023 09:31:04 GMT" time="3.536" errors="1">
  <testcase name="scrollbarhandling" time="3.536" classname="handlingscrolbar.facebook">
    <error type="org.openqa.selenium.SessionNotCreatedException" message="session not created: This version of ChromeDriver only supports Chrome version 107
Current browser version is 109.0.5414.120 with binary path C:\Program Files\Google\Chrome\Application\chrome.exe
Build info: version: &#039;3.141.59&#039;, revision: &#039;e82be7d358&#039;, time: &#039;2018-11-14T08:25:53&#039;
System info: host: &#039;DESKTOP-BQNI2NH&#039;, ip: &#039;192.168.43.126&#039;, os.name: &#039;Windows 10&#039;, os.arch: &#039;amd64&#039;, os.version: &#039;10.0&#039;, java.version: &#039;1.8.0_131&#039;
Driver info: driver.version: ChromeDriver
remote stacktrace: Backtrace:
	Ordinal0 [0x004AACD3+2075859]
	Ordinal0 [0x0043EE61+1633889]
	Ordinal0 [0x0033B7BD+571325]
	Ordinal0 [0x0035DFCD+712653]
	Ordinal0 [0x00359266+692838]
	Ordinal0 [0x00356BE9+682985]
	Ordinal0 [0x0038DBD3+908243]
	Ordinal0 [0x0038D6AA+906922]
	Ordinal0 [0x00387136+880950]
	Ordinal0 [0x0035FEFD+720637]
	Ordinal0 [0x00360F3F+724799]
	GetHandleVerifier [0x0075EED2+2769538]
	GetHandleVerifier [0x00750D95+2711877]
	GetHandleVerifier [0x0053A03A+521194]
	GetHandleVerifier [0x00538DA0+516432]
	Ordinal0 [0x0044682C+1665068]
	Ordinal0 [0x0044B128+1683752]
	Ordinal0 [0x0044B215+1683989]
	Ordinal0 [0x00456484+1729668]
	BaseThreadInitThunk [0x758900F9+25]
	RtlGetAppContainerNamedObjectPath [0x77917BBE+286]
	RtlGetAppContainerNamedObjectPath [0x77917B8E+238]
">
      <![CDATA[org.openqa.selenium.SessionNotCreatedException: session not created: This version of ChromeDriver only supports Chrome version 107
Current browser version is 109.0.5414.120 with binary path C:\Program Files\Google\Chrome\Application\chrome.exe
Build info: version: '3.141.59', revision: 'e82be7d358', time: '2018-11-14T08:25:53'
System info: host: 'DESKTOP-BQNI2NH', ip: '192.168.43.126', os.name: 'Windows 10', os.arch: 'amd64', os.version: '10.0', java.version: '1.8.0_131'
Driver info: driver.version: ChromeDriver
remote stacktrace: Backtrace:
	Ordinal0 [0x004AACD3+2075859]
	Ordinal0 [0x0043EE61+1633889]
	Ordinal0 [0x0033B7BD+571325]
	Ordinal0 [0x0035DFCD+712653]
	Ordinal0 [0x00359266+692838]
	Ordinal0 [0x00356BE9+682985]
	Ordinal0 [0x0038DBD3+908243]
	Ordinal0 [0x0038D6AA+906922]
	Ordinal0 [0x00387136+880950]
	Ordinal0 [0x0035FEFD+720637]
	Ordinal0 [0x00360F3F+724799]
	GetHandleVerifier [0x0075EED2+2769538]
	GetHandleVerifier [0x00750D95+2711877]
	GetHandleVerifier [0x0053A03A+521194]
	GetHandleVerifier [0x00538DA0+516432]
	Ordinal0 [0x0044682C+1665068]
	Ordinal0 [0x0044B128+1683752]
	Ordinal0 [0x0044B215+1683989]
	Ordinal0 [0x00456484+1729668]
	BaseThreadInitThunk [0x758900F9+25]
	RtlGetAppContainerNamedObjectPath [0x77917BBE+286]
	RtlGetAppContainerNamedObjectPath [0x77917B8E+238]

	at sun.reflect.NativeConstructorAccessorImpl.newInstance0(Native Method)
	at sun.reflect.NativeConstructorAccessorImpl.newInstance(Unknown Source)
	at sun.reflect.DelegatingConstructorAccessorImpl.newInstance(Unknown Source)
	at java.lang.reflect.Constructor.newInstance(Unknown Source)
	at org.openqa.selenium.remote.W3CHandshakeResponse.lambda$errorHandler$0(W3CHandshakeResponse.java:62)
	at org.openqa.selenium.remote.HandshakeResponse.lambda$getResponseFunction$0(HandshakeResponse.java:30)
	at org.openqa.selenium.remote.ProtocolHandshake.lambda$createSession$0(ProtocolHandshake.java:126)
	at java.util.stream.ReferencePipeline$3$1.accept(Unknown Source)
	at java.util.Spliterators$ArraySpliterator.tryAdvance(Unknown Source)
	at java.util.stream.ReferencePipeline.forEachWithCancel(Unknown Source)
	at java.util.stream.AbstractPipeline.copyIntoWithCancel(Unknown Source)
	at java.util.stream.AbstractPipeline.copyInto(Unknown Source)
	at java.util.stream.AbstractPipeline.wrapAndCopyInto(Unknown Source)
	at java.util.stream.FindOps$FindOp.evaluateSequential(Unknown Source)
	at java.util.stream.AbstractPipeline.evaluate(Unknown Source)
	at java.util.stream.ReferencePipeline.findFirst(Unknown Source)
	at org.openqa.selenium.remote.ProtocolHandshake.createSession(ProtocolHandshake.java:128)
	at org.openqa.selenium.remote.ProtocolHandshake.createSession(ProtocolHandshake.java:74)
	at org.openqa.selenium.remote.HttpCommandExecutor.execute(HttpCommandExecutor.java:136)
	at org.openqa.selenium.remote.service.DriverCommandExecutor.execute(DriverCommandExecutor.java:83)
	at org.openqa.selenium.remote.RemoteWebDriver.execute(RemoteWebDriver.java:552)
	at org.openqa.selenium.remote.RemoteWebDriver.startSession(RemoteWebDriver.java:213)
	at org.openqa.selenium.remote.RemoteWebDriver.<init>(RemoteWebDriver.java:131)
	at org.openqa.selenium.chrome.ChromeDriver.<init>(ChromeDriver.java:181)
	at org.openqa.selenium.chrome.ChromeDriver.<init>(ChromeDriver.java:168)
	at org.openqa.selenium.chrome.ChromeDriver.<init>(ChromeDriver.java:123)
	at handlingscrolbar.facebook.scrollbarhandling(facebook.java:16)
	at sun.reflect.NativeMethodAccessorImpl.invoke0(Native Method)
	at sun.reflect.NativeMethodAccessorImpl.invoke(Unknown Source)
	at sun.reflect.DelegatingMethodAccessorImpl.invoke(Unknown Source)
	at java.lang.reflect.Method.invoke(Unknown Source)
	at org.testng.internal.MethodInvocationHelper.invokeMethod(MethodInvocationHelper.java:85)
	at org.testng.internal.Invoker.invokeMethod(Invoker.java:663)
	at org.testng.internal.Invoker.invokeTestMethod(Invoker.java:849)
	at org.testng.internal.Invoker.invokeTestMethods(Invoker.java:1157)
	at org.testng.internal.TestMethodWorker.invokeTestMethods(TestMethodWorker.java:124)
	at org.testng.internal.TestMethodWorker.run(TestMethodWorker.java:108)
	at org.testng.TestRunner.privateRun(TestRunner.java:771)
	at org.testng.TestRunner.run(TestRunner.java:621)
	at org.testng.SuiteRunner.runTest(SuiteRunner.java:357)
	at org.testng.SuiteRunner.runSequentially(SuiteRunner.java:352)
	at org.testng.SuiteRunner.privateRun(SuiteRunner.java:310)
	at org.testng.SuiteRunner.run(SuiteRunner.java:259)
	at org.testng.SuiteRunnerWorker.runSuite(SuiteRunnerWorker.java:52)
	at org.testng.SuiteRunnerWorker.run(SuiteRunnerWorker.java:86)
	at org.testng.TestNG.runSuitesSequentially(TestNG.java:1200)
	at org.testng.TestNG.runSuitesLocally(TestNG.java:1125)
	at org.testng.TestNG.run(TestNG.java:1033)
	at org.testng.remote.RemoteTestNG.run(RemoteTestNG.java:111)
	at org.testng.remote.RemoteTestNG.initAndRun(RemoteTestNG.java:204)
	at org.testng.remote.RemoteTestNG.main(RemoteTestNG.java:175)
]]>
    </error>
  </testcase> <!-- scrollbarhandling -->
</testsuite> <!-- handlingscrolbar.facebook -->
